(0.000) SELECT @@SQL_AUTO_IS_NULL; args=None
(0.000) SET SESSION TRANSACTION ISOLATION LEVEL READ COMMITTED; args=None
(0.000) SELECT VERSION(); args=None
(0.000) SET SESSION TRANSACTION ISOLATION LEVEL READ COMMITTED; args=None
(0.000) SELECT `youtubeapp_channelmaster`.`id`, `youtubeapp_channelmaster`.`channel_id`, `youtubeapp_channelmaster`.`channel_name` FROM `youtubeapp_channelmaster` WHERE `youtubeapp_channelmaster`.`channel_id` = 'UC-lHJZR3Gqxm24_Vd_AJ5Yw'; args=('UC-lHJZR3Gqxm24_Vd_AJ5Yw',)
(0.002) INSERT INTO `youtubeapp_channelstats` (`channel_master_id`, `total_views`, `time_stamp`) VALUES (1, 20644880511, '2019-03-06 04:58:37.067304'); args=[1, 20644880511, '2019-03-06 04:58:37.067304']
(0.000) SELECT `youtubeapp_channelmaster`.`id`, `youtubeapp_channelmaster`.`channel_id`, `youtubeapp_channelmaster`.`channel_name` FROM `youtubeapp_channelmaster` WHERE `youtubeapp_channelmaster`.`channel_id` = 'UCq-Fj5jknLsUf-MWSy4_brA'; args=('UCq-Fj5jknLsUf-MWSy4_brA',)
(0.000) INSERT INTO `youtubeapp_channelstats` (`channel_master_id`, `total_views`, `time_stamp`) VALUES (2, 63775193711, '2019-03-06 04:58:37.376460'); args=[2, 63775193711, '2019-03-06 04:58:37.376460']
(0.000) SELECT `youtubeapp_channelmaster`.`id`, `youtubeapp_channelmaster`.`channel_id`, `youtubeapp_channelmaster`.`channel_name` FROM `youtubeapp_channelmaster` WHERE `youtubeapp_channelmaster`.`channel_id` = 'UC295-Dw_tDNtZXFeAPAW6Aw'; args=('UC295-Dw_tDNtZXFeAPAW6Aw',)
(0.000) INSERT INTO `youtubeapp_channelstats` (`channel_master_id`, `total_views`, `time_stamp`) VALUES (3, 12597949394, '2019-03-06 04:58:37.645477'); args=[3, 12597949394, '2019-03-06 04:58:37.645477']
(0.001) SELECT `youtubeapp_channelmaster`.`id`, `youtubeapp_channelmaster`.`channel_id`, `youtubeapp_channelmaster`.`channel_name` FROM `youtubeapp_channelmaster` WHERE `youtubeapp_channelmaster`.`channel_id` = 'UCffDXn7ycAzwL2LDlbyWOTw'; args=('UCffDXn7ycAzwL2LDlbyWOTw',)
(0.001) INSERT INTO `youtubeapp_channelstats` (`channel_master_id`, `total_views`, `time_stamp`) VALUES (4, 23427758391, '2019-03-06 04:58:37.898824'); args=[4, 23427758391, '2019-03-06 04:58:37.898824']
(0.001) SELECT `youtubeapp_channelmaster`.`id`, `youtubeapp_channelmaster`.`channel_id`, `youtubeapp_channelmaster`.`channel_name` FROM `youtubeapp_channelmaster` WHERE `youtubeapp_channelmaster`.`channel_id` = 'UCIwFjwMjI0y7PDBVEO9-bkQ'; args=('UCIwFjwMjI0y7PDBVEO9-bkQ',)
(0.000) INSERT INTO `youtubeapp_channelstats` (`channel_master_id`, `total_views`, `time_stamp`) VALUES (5, 603193292, '2019-03-06 04:58:38.164719'); args=[5, 603193292, '2019-03-06 04:58:38.164719']
(0.001) SELECT `youtubeapp_channelmaster`.`id`, `youtubeapp_channelmaster`.`channel_id`, `youtubeapp_channelmaster`.`channel_name` FROM `youtubeapp_channelmaster` WHERE `youtubeapp_channelmaster`.`channel_id` = 'UC0v-tlzsn0QZwJnkiaUSJVQ'; args=('UC0v-tlzsn0QZwJnkiaUSJVQ',)
(0.001) INSERT INTO `youtubeapp_channelstats` (`channel_master_id`, `total_views`, `time_stamp`) VALUES (6, 7471195365, '2019-03-06 04:58:38.482533'); args=[6, 7471195365, '2019-03-06 04:58:38.482533']
(0.001) SELECT `youtubeapp_channelmaster`.`id`, `youtubeapp_channelmaster`.`channel_id`, `youtubeapp_channelmaster`.`channel_name` FROM `youtubeapp_channelmaster` WHERE `youtubeapp_channelmaster`.`channel_id` = 'UCJ5v_MCY6GNUBTO8-D3XoAg'; args=('UCJ5v_MCY6GNUBTO8-D3XoAg',)
(0.000) INSERT INTO `youtubeapp_channelstats` (`channel_master_id`, `total_views`, `time_stamp`) VALUES (7, 30459078955, '2019-03-06 04:58:38.750311'); args=[7, 30459078955, '2019-03-06 04:58:38.750311']
(0.000) SELECT `youtubeapp_channelmaster`.`id`, `youtubeapp_channelmaster`.`channel_id`, `youtubeapp_channelmaster`.`channel_name` FROM `youtubeapp_channelmaster` WHERE `youtubeapp_channelmaster`.`channel_id` = 'UCRijo3ddMTht_IHyNSNXpNQ'; args=('UCRijo3ddMTht_IHyNSNXpNQ',)
(0.001) INSERT INTO `youtubeapp_channelstats` (`channel_master_id`, `total_views`, `time_stamp`) VALUES (8, 7360391679, '2019-03-06 04:58:39.049572'); args=[8, 7360391679, '2019-03-06 04:58:39.049572']
(0.001) SELECT `youtubeapp_channelmaster`.`id`, `youtubeapp_channelmaster`.`channel_id`, `youtubeapp_channelmaster`.`channel_name` FROM `youtubeapp_channelmaster` WHERE `youtubeapp_channelmaster`.`channel_id` = 'UCbCmjCuTUZos6Inko4u57UQ'; args=('UCbCmjCuTUZos6Inko4u57UQ',)
(0.000) INSERT INTO `youtubeapp_channelstats` (`channel_master_id`, `total_views`, `time_stamp`) VALUES (9, 21818028667, '2019-03-06 04:58:39.349639'); args=[9, 21818028667, '2019-03-06 04:58:39.349639']
(0.001) SELECT `youtubeapp_channelmaster`.`id`, `youtubeapp_channelmaster`.`channel_id`, `youtubeapp_channelmaster`.`channel_name` FROM `youtubeapp_channelmaster` WHERE `youtubeapp_channelmaster`.`channel_id` = 'UCZJ7m7EnCNodqnu5SAtg8eQ'; args=('UCZJ7m7EnCNodqnu5SAtg8eQ',)
(0.000) INSERT INTO `youtubeapp_channelstats` (`channel_master_id`, `total_views`, `time_stamp`) VALUES (10, 3828955939, '2019-03-06 04:58:39.619271'); args=[10, 3828955939, '2019-03-06 04:58:39.619271']
(0.004) SELECT `youtubeapp_videomaster`.`id`, `youtubeapp_videomaster`.`channel_master_id`, `youtubeapp_videomaster`.`video_id`, `youtubeapp_videomaster`.`video_name` FROM `youtubeapp_videomaster`; args=()
(0.001) SELECT `youtubeapp_videomaster`.`id`, `youtubeapp_videomaster`.`channel_master_id`, `youtubeapp_videomaster`.`video_id`, `youtubeapp_videomaster`.`video_name` FROM `youtubeapp_videomaster` WHERE `youtubeapp_videomaster`.`video_id` = '-xwD9IZVqIE'; args=('-xwD9IZVqIE',)
(0.000) INSERT INTO `youtubeapp_videostats` (`video_master_id`, `total_views`, `time_stamp`) VALUES (253, 6847709, '2019-03-06 04:58:39.880570'); args=[253, 6847709, '2019-03-06 04:58:39.880570']
(0.000) SELECT `youtubeapp_videomaster`.`id`, `youtubeapp_videomaster`.`channel_master_id`, `youtubeapp_videomaster`.`video_id`, `youtubeapp_videomaster`.`video_name` FROM `youtubeapp_videomaster` WHERE `youtubeapp_videomaster`.`video_id` = '78IfMhVFBLk'; args=('78IfMhVFBLk',)
(0.000) INSERT INTO `youtubeapp_videostats` (`video_master_id`, `total_views`, `time_stamp`) VALUES (254, 9221785, '2019-03-06 04:58:40.128385'); args=[254, 9221785, '2019-03-06 04:58:40.128385']
(0.001) SELECT `youtubeapp_videomaster`.`id`, `youtubeapp_videomaster`.`channel_master_id`, `youtubeapp_videomaster`.`video_id`, `youtubeapp_videomaster`.`video_name` FROM `youtubeapp_videomaster` WHERE `youtubeapp_videomaster`.`video_id` = 'ilNaQeK2li0'; args=('ilNaQeK2li0',)
(0.000) INSERT INTO `youtubeapp_videostats` (`video_master_id`, `total_views`, `time_stamp`) VALUES (255, 6025593, '2019-03-06 04:58:40.386778'); args=[255, 6025593, '2019-03-06 04:58:40.386778']
(0.002) SELECT `youtubeapp_videomaster`.`id`, `youtubeapp_videomaster`.`channel_master_id`, `youtubeapp_videomaster`.`video_id`, `youtubeapp_videomaster`.`video_name` FROM `youtubeapp_videomaster` WHERE `youtubeapp_videomaster`.`video_id` = '6uPD5q5BHR8'; args=('6uPD5q5BHR8',)
(0.001) INSERT INTO `youtubeapp_videostats` (`video_master_id`, `total_views`, `time_stamp`) VALUES (256, 6053115, '2019-03-06 04:58:40.675551'); args=[256, 6053115, '2019-03-06 04:58:40.675551']
(0.001) SELECT `youtubeapp_videomaster`.`id`, `youtubeapp_videomaster`.`channel_master_id`, `youtubeapp_videomaster`.`video_id`, `youtubeapp_videomaster`.`video_name` FROM `youtubeapp_videomaster` WHERE `youtubeapp_videomaster`.`video_id` = 'rTUPaPOH_pE'; args=('rTUPaPOH_pE',)
(0.000) INSERT INTO `youtubeapp_videostats` (`video_master_id`, `total_views`, `time_stamp`) VALUES (257, 4237176, '2019-03-06 04:58:41.096423'); args=[257, 4237176, '2019-03-06 04:58:41.096423']
(0.006) SELECT `youtubeapp_videomaster`.`id`, `youtubeapp_videomaster`.`channel_master_id`, `youtubeapp_videomaster`.`video_id`, `youtubeapp_videomaster`.`video_name` FROM `youtubeapp_videomaster` WHERE `youtubeapp_videomaster`.`video_id` = 'olNYK98maZQ'; args=('olNYK98maZQ',)
(0.001) INSERT INTO `youtubeapp_videostats` (`video_master_id`, `total_views`, `time_stamp`) VALUES (258, 68595, '2019-03-06 04:58:41.465848'); args=[258, 68595, '2019-03-06 04:58:41.465848']
(0.006) SELECT `youtubeapp_videomaster`.`id`, `youtubeapp_videomaster`.`channel_master_id`, `youtubeapp_videomaster`.`video_id`, `youtubeapp_videomaster`.`video_name` FROM `youtubeapp_videomaster` WHERE `youtubeapp_videomaster`.`video_id` = 'AGt8s7Ld3z8'; args=('AGt8s7Ld3z8',)
(0.001) INSERT INTO `youtubeapp_videostats` (`video_master_id`, `total_views`, `time_stamp`) VALUES (259, 164575, '2019-03-06 04:58:41.781873'); args=[259, 164575, '2019-03-06 04:58:41.781873']
(0.001) SELECT `youtubeapp_videomaster`.`id`, `youtubeapp_videomaster`.`channel_master_id`, `youtubeapp_videomaster`.`video_id`, `youtubeapp_videomaster`.`video_name` FROM `youtubeapp_videomaster` WHERE `youtubeapp_videomaster`.`video_id` = 'XAg2Io4vndE'; args=('XAg2Io4vndE',)
(0.001) INSERT INTO `youtubeapp_videostats` (`video_master_id`, `total_views`, `time_stamp`) VALUES (260, 164575, '2019-03-06 04:58:43.656331'); args=[260, 164575, '2019-03-06 04:58:43.656331']
(0.007) SELECT `youtubeapp_videomaster`.`id`, `youtubeapp_videomaster`.`channel_master_id`, `youtubeapp_videomaster`.`video_id`, `youtubeapp_videomaster`.`video_name` FROM `youtubeapp_videomaster` WHERE `youtubeapp_videomaster`.`video_id` = 'ivK6QnEKXc0'; args=('ivK6QnEKXc0',)
(0.001) INSERT INTO `youtubeapp_videostats` (`video_master_id`, `total_views`, `time_stamp`) VALUES (261, 379438, '2019-03-06 04:58:43.999455'); args=[261, 379438, '2019-03-06 04:58:43.999455']
(0.001) SELECT `youtubeapp_videomaster`.`id`, `youtubeapp_videomaster`.`channel_master_id`, `youtubeapp_videomaster`.`video_id`, `youtubeapp_videomaster`.`video_name` FROM `youtubeapp_videomaster` WHERE `youtubeapp_videomaster`.`video_id` = 'C2B8BUDIvYA'; args=('C2B8BUDIvYA',)
(0.002) INSERT INTO `youtubeapp_videostats` (`video_master_id`, `total_views`, `time_stamp`) VALUES (262, 770543, '2019-03-06 04:58:44.348550'); args=[262, 770543, '2019-03-06 04:58:44.348550']
(0.001) SELECT `youtubeapp_videomaster`.`id`, `youtubeapp_videomaster`.`channel_master_id`, `youtubeapp_videomaster`.`video_id`, `youtubeapp_videomaster`.`video_name` FROM `youtubeapp_videomaster` WHERE `youtubeapp_videomaster`.`video_id` = 'W-XsQ-CrIaU'; args=('W-XsQ-CrIaU',)
(0.001) INSERT INTO `youtubeapp_videostats` (`video_master_id`, `total_views`, `time_stamp`) VALUES (263, 294679, '2019-03-06 04:58:44.700754'); args=[263, 294679, '2019-03-06 04:58:44.700754']
(0.001) SELECT `youtubeapp_videomaster`.`id`, `youtubeapp_videomaster`.`channel_master_id`, `youtubeapp_videomaster`.`video_id`, `youtubeapp_videomaster`.`video_name` FROM `youtubeapp_videomaster` WHERE `youtubeapp_videomaster`.`video_id` = 'rtxDz-EgqVs'; args=('rtxDz-EgqVs',)
(0.001) INSERT INTO `youtubeapp_videostats` (`video_master_id`, `total_views`, `time_stamp`) VALUES (264, 1341089, '2019-03-06 04:58:45.134652'); args=[264, 1341089, '2019-03-06 04:58:45.134652']
(0.002) SELECT `youtubeapp_videomaster`.`id`, `youtubeapp_videomaster`.`channel_master_id`, `youtubeapp_videomaster`.`video_id`, `youtubeapp_videomaster`.`video_name` FROM `youtubeapp_videomaster` WHERE `youtubeapp_videomaster`.`video_id` = '9jQG4TmfOSU'; args=('9jQG4TmfOSU',)
(0.003) INSERT INTO `youtubeapp_videostats` (`video_master_id`, `total_views`, `time_stamp`) VALUES (265, 2173924, '2019-03-06 04:58:45.485857'); args=[265, 2173924, '2019-03-06 04:58:45.485857']
(0.001) SELECT `youtubeapp_videomaster`.`id`, `youtubeapp_videomaster`.`channel_master_id`, `youtubeapp_videomaster`.`video_id`, `youtubeapp_videomaster`.`video_name` FROM `youtubeapp_videomaster` WHERE `youtubeapp_videomaster`.`video_id` = 'RDQ9l0ekXW4'; args=('RDQ9l0ekXW4',)
(0.000) INSERT INTO `youtubeapp_videostats` (`video_master_id`, `total_views`, `time_stamp`) VALUES (266, 571556, '2019-03-06 04:58:45.848539'); args=[266, 571556, '2019-03-06 04:58:45.848539']
(0.003) SELECT `youtubeapp_videomaster`.`id`, `youtubeapp_videomaster`.`channel_master_id`, `youtubeapp_videomaster`.`video_id`, `youtubeapp_videomaster`.`video_name` FROM `youtubeapp_videomaster` WHERE `youtubeapp_videomaster`.`video_id` = 'u0hVBo_j0Rc'; args=('u0hVBo_j0Rc',)
(0.001) INSERT INTO `youtubeapp_videostats` (`video_master_id`, `total_views`, `time_stamp`) VALUES (267, 1136189, '2019-03-06 04:58:46.212604'); args=[267, 1136189, '2019-03-06 04:58:46.212604']
(0.004) SELECT `youtubeapp_videomaster`.`id`, `youtubeapp_videomaster`.`channel_master_id`, `youtubeapp_videomaster`.`video_id`, `youtubeapp_videomaster`.`video_name` FROM `youtubeapp_videomaster` WHERE `youtubeapp_videomaster`.`video_id` = 'm6Fhg4Y1VKQ'; args=('m6Fhg4Y1VKQ',)
(0.004) INSERT INTO `youtubeapp_videostats` (`video_master_id`, `total_views`, `time_stamp`) VALUES (268, 1526204, '2019-03-06 04:58:46.595582'); args=[268, 1526204, '2019-03-06 04:58:46.595582']
(0.002) SELECT `youtubeapp_videomaster`.`id`, `youtubeapp_videomaster`.`channel_master_id`, `youtubeapp_videomaster`.`video_id`, `youtubeapp_videomaster`.`video_name` FROM `youtubeapp_videomaster` WHERE `youtubeapp_videomaster`.`video_id` = 'xa1rhs-Ikvg'; args=('xa1rhs-Ikvg',)
(0.003) INSERT INTO `youtubeapp_videostats` (`video_master_id`, `total_views`, `time_stamp`) VALUES (269, 636837, '2019-03-06 04:58:46.952790'); args=[269, 636837, '2019-03-06 04:58:46.952790']
(0.003) SELECT `youtubeapp_videomaster`.`id`, `youtubeapp_videomaster`.`channel_master_id`, `youtubeapp_videomaster`.`video_id`, `youtubeapp_videomaster`.`video_name` FROM `youtubeapp_videomaster` WHERE `youtubeapp_videomaster`.`video_id` = 'VNEOKnafcrk'; args=('VNEOKnafcrk',)
(0.003) INSERT INTO `youtubeapp_videostats` (`video_master_id`, `total_views`, `time_stamp`) VALUES (270, 166465, '2019-03-06 04:58:47.276325'); args=[270, 166465, '2019-03-06 04:58:47.276325']
(0.004) SELECT `youtubeapp_videomaster`.`id`, `youtubeapp_videomaster`.`channel_master_id`, `youtubeapp_videomaster`.`video_id`, `youtubeapp_videomaster`.`video_name` FROM `youtubeapp_videomaster` WHERE `youtubeapp_videomaster`.`video_id` = 'Ewla3gaep24'; args=('Ewla3gaep24',)
(0.003) INSERT INTO `youtubeapp_videostats` (`video_master_id`, `total_views`, `time_stamp`) VALUES (271, 156421, '2019-03-06 04:58:47.727050'); args=[271, 156421, '2019-03-06 04:58:47.727050']
(0.002) SELECT `youtubeapp_videomaster`.`id`, `youtubeapp_videomaster`.`channel_master_id`, `youtubeapp_videomaster`.`video_id`, `youtubeapp_videomaster`.`video_name` FROM `youtubeapp_videomaster` WHERE `youtubeapp_videomaster`.`video_id` = 'hpEUUls5cd8'; args=('hpEUUls5cd8',)
(0.003) INSERT INTO `youtubeapp_videostats` (`video_master_id`, `total_views`, `time_stamp`) VALUES (272, 2406389, '2019-03-06 04:58:48.120813'); args=[272, 2406389, '2019-03-06 04:58:48.120813']
(0.003) SELECT `youtubeapp_videomaster`.`id`, `youtubeapp_videomaster`.`channel_master_id`, `youtubeapp_videomaster`.`video_id`, `youtubeapp_videomaster`.`video_name` FROM `youtubeapp_videomaster` WHERE `youtubeapp_videomaster`.`video_id` = 'qs3t7zgKmAk'; args=('qs3t7zgKmAk',)
(0.003) INSERT INTO `youtubeapp_videostats` (`video_master_id`, `total_views`, `time_stamp`) VALUES (273, 516279, '2019-03-06 04:58:48.459476'); args=[273, 516279, '2019-03-06 04:58:48.459476']
(0.002) SELECT `youtubeapp_videomaster`.`id`, `youtubeapp_videomaster`.`channel_master_id`, `youtubeapp_videomaster`.`video_id`, `youtubeapp_videomaster`.`video_name` FROM `youtubeapp_videomaster` WHERE `youtubeapp_videomaster`.`video_id` = 'ses4msfEMV8'; args=('ses4msfEMV8',)
(0.003) INSERT INTO `youtubeapp_videostats` (`video_master_id`, `total_views`, `time_stamp`) VALUES (274, 205565, '2019-03-06 04:58:48.770962'); args=[274, 205565, '2019-03-06 04:58:48.770962']
(0.001) SELECT `youtubeapp_videomaster`.`id`, `youtubeapp_videomaster`.`channel_master_id`, `youtubeapp_videomaster`.`video_id`, `youtubeapp_videomaster`.`video_name` FROM `youtubeapp_videomaster` WHERE `youtubeapp_videomaster`.`video_id` = 'M9XzHK4Hm4w'; args=('M9XzHK4Hm4w',)
(0.001) INSERT INTO `youtubeapp_videostats` (`video_master_id`, `total_views`, `time_stamp`) VALUES (275, 3541941, '2019-03-06 04:58:49.092100'); args=[275, 3541941, '2019-03-06 04:58:49.092100']
(0.002) SELECT `youtubeapp_videomaster`.`id`, `youtubeapp_videomaster`.`channel_master_id`, `youtubeapp_videomaster`.`video_id`, `youtubeapp_videomaster`.`video_name` FROM `youtubeapp_videomaster` WHERE `youtubeapp_videomaster`.`video_id` = 'b9h5N9N-eM4'; args=('b9h5N9N-eM4',)
(0.001) INSERT INTO `youtubeapp_videostats` (`video_master_id`, `total_views`, `time_stamp`) VALUES (276, 497609, '2019-03-06 04:58:49.431108'); args=[276, 497609, '2019-03-06 04:58:49.431108']
(0.002) SELECT `youtubeapp_videomaster`.`id`, `youtubeapp_videomaster`.`channel_master_id`, `youtubeapp_videomaster`.`video_id`, `youtubeapp_videomaster`.`video_name` FROM `youtubeapp_videomaster` WHERE `youtubeapp_videomaster`.`video_id` = 'pZZdKqsncUo'; args=('pZZdKqsncUo',)
(0.001) INSERT INTO `youtubeapp_videostats` (`video_master_id`, `total_views`, `time_stamp`) VALUES (277, 479640, '2019-03-06 04:58:49.742674'); args=[277, 479640, '2019-03-06 04:58:49.742674']
(0.003) SELECT `youtubeapp_videomaster`.`id`, `youtubeapp_videomaster`.`channel_master_id`, `youtubeapp_videomaster`.`video_id`, `youtubeapp_videomaster`.`video_name` FROM `youtubeapp_videomaster` WHERE `youtubeapp_videomaster`.`video_id` = 'qzlOVtOYhQQ'; args=('qzlOVtOYhQQ',)
(0.004) INSERT INTO `youtubeapp_videostats` (`video_master_id`, `total_views`, `time_stamp`) VALUES (278, 1249286, '2019-03-06 04:58:50.075478'); args=[278, 1249286, '2019-03-06 04:58:50.075478']
(0.005) SELECT `youtubeapp_videomaster`.`id`, `youtubeapp_videomaster`.`channel_master_id`, `youtubeapp_videomaster`.`video_id`, `youtubeapp_videomaster`.`video_name` FROM `youtubeapp_videomaster` WHERE `youtubeapp_videomaster`.`video_id` = 'bmjax3IcWaA'; args=('bmjax3IcWaA',)
(0.004) INSERT INTO `youtubeapp_videostats` (`video_master_id`, `total_views`, `time_stamp`) VALUES (279, 1040533, '2019-03-06 04:58:50.445306'); args=[279, 1040533, '2019-03-06 04:58:50.445306']
(0.002) SELECT `youtubeapp_videomaster`.`id`, `youtubeapp_videomaster`.`channel_master_id`, `youtubeapp_videomaster`.`video_id`, `youtubeapp_videomaster`.`video_name` FROM `youtubeapp_videomaster` WHERE `youtubeapp_videomaster`.`video_id` = 'U9rqWfg88iU'; args=('U9rqWfg88iU',)
(0.001) INSERT INTO `youtubeapp_videostats` (`video_master_id`, `total_views`, `time_stamp`) VALUES (280, 863541, '2019-03-06 04:58:50.782088'); args=[280, 863541, '2019-03-06 04:58:50.782088']
(0.004) SELECT `youtubeapp_videomaster`.`id`, `youtubeapp_videomaster`.`channel_master_id`, `youtubeapp_videomaster`.`video_id`, `youtubeapp_videomaster`.`video_name` FROM `youtubeapp_videomaster` WHERE `youtubeapp_videomaster`.`video_id` = 'POtZ9FLtFAc'; args=('POtZ9FLtFAc',)
(0.003) INSERT INTO `youtubeapp_videostats` (`video_master_id`, `total_views`, `time_stamp`) VALUES (281, 764018, '2019-03-06 04:58:51.146808'); args=[281, 764018, '2019-03-06 04:58:51.146808']
(0.006) SELECT `youtubeapp_videomaster`.`id`, `youtubeapp_videomaster`.`channel_master_id`, `youtubeapp_videomaster`.`video_id`, `youtubeapp_videomaster`.`video_name` FROM `youtubeapp_videomaster` WHERE `youtubeapp_videomaster`.`video_id` = 'ZxKEDSurqfw'; args=('ZxKEDSurqfw',)
(0.002) INSERT INTO `youtubeapp_videostats` (`video_master_id`, `total_views`, `time_stamp`) VALUES (282, 1642446, '2019-03-06 04:58:51.498096'); args=[282, 1642446, '2019-03-06 04:58:51.498096']
(0.004) SELECT `youtubeapp_videomaster`.`id`, `youtubeapp_videomaster`.`channel_master_id`, `youtubeapp_videomaster`.`video_id`, `youtubeapp_videomaster`.`video_name` FROM `youtubeapp_videomaster` WHERE `youtubeapp_videomaster`.`video_id` = 'axTVfjiQf50'; args=('axTVfjiQf50',)
(0.002) INSERT INTO `youtubeapp_videostats` (`video_master_id`, `total_views`, `time_stamp`) VALUES (283, 820711, '2019-03-06 04:58:51.868292'); args=[283, 820711, '2019-03-06 04:58:51.868292']
(0.002) SELECT `youtubeapp_videomaster`.`id`, `youtubeapp_videomaster`.`channel_master_id`, `youtubeapp_videomaster`.`video_id`, `youtubeapp_videomaster`.`video_name` FROM `youtubeapp_videomaster` WHERE `youtubeapp_videomaster`.`video_id` = 'CZgeLL9bS2w'; args=('CZgeLL9bS2w',)
(0.002) INSERT INTO `youtubeapp_videostats` (`video_master_id`, `total_views`, `time_stamp`) VALUES (284, 37203, '2019-03-06 04:58:52.227335'); args=[284, 37203, '2019-03-06 04:58:52.227335']
(0.003) SELECT `youtubeapp_videomaster`.`id`, `youtubeapp_videomaster`.`channel_master_id`, `youtubeapp_videomaster`.`video_id`, `youtubeapp_videomaster`.`video_name` FROM `youtubeapp_videomaster` WHERE `youtubeapp_videomaster`.`video_id` = '6ceMjNPktnk'; args=('6ceMjNPktnk',)
(0.002) INSERT INTO `youtubeapp_videostats` (`video_master_id`, `total_views`, `time_stamp`) VALUES (285, 278667, '2019-03-06 04:58:52.592523'); args=[285, 278667, '2019-03-06 04:58:52.592523']
(0.002) SELECT `youtubeapp_videomaster`.`id`, `youtubeapp_videomaster`.`channel_master_id`, `youtubeapp_videomaster`.`video_id`, `youtubeapp_videomaster`.`video_name` FROM `youtubeapp_videomaster` WHERE `youtubeapp_videomaster`.`video_id` = 'M7tXduSMVuw'; args=('M7tXduSMVuw',)
(0.003) INSERT INTO `youtubeapp_videostats` (`video_master_id`, `total_views`, `time_stamp`) VALUES (286, 47432, '2019-03-06 04:58:53.018105'); args=[286, 47432, '2019-03-06 04:58:53.018105']
(0.002) SELECT `youtubeapp_videomaster`.`id`, `youtubeapp_videomaster`.`channel_master_id`, `youtubeapp_videomaster`.`video_id`, `youtubeapp_videomaster`.`video_name` FROM `youtubeapp_videomaster` WHERE `youtubeapp_videomaster`.`video_id` = 'omJy8lb_Z8M'; args=('omJy8lb_Z8M',)
(0.003) INSERT INTO `youtubeapp_videostats` (`video_master_id`, `total_views`, `time_stamp`) VALUES (287, 2190659, '2019-03-06 04:58:53.353062'); args=[287, 2190659, '2019-03-06 04:58:53.353062']
(0.003) SELECT `youtubeapp_videomaster`.`id`, `youtubeapp_videomaster`.`channel_master_id`, `youtubeapp_videomaster`.`video_id`, `youtubeapp_videomaster`.`video_name` FROM `youtubeapp_videomaster` WHERE `youtubeapp_videomaster`.`video_id` = 'qlzVPauUgw8'; args=('qlzVPauUgw8',)
(0.001) INSERT INTO `youtubeapp_videostats` (`video_master_id`, `total_views`, `time_stamp`) VALUES (288, 21374433, '2019-03-06 04:58:53.677228'); args=[288, 21374433, '2019-03-06 04:58:53.677228']
(0.002) SELECT `youtubeapp_videomaster`.`id`, `youtubeapp_videomaster`.`channel_master_id`, `youtubeapp_videomaster`.`video_id`, `youtubeapp_videomaster`.`video_name` FROM `youtubeapp_videomaster` WHERE `youtubeapp_videomaster`.`video_id` = 'rT9PI5q2Etc'; args=('rT9PI5q2Etc',)
(0.001) INSERT INTO `youtubeapp_videostats` (`video_master_id`, `total_views`, `time_stamp`) VALUES (289, 13313723, '2019-03-06 04:58:54.030658'); args=[289, 13313723, '2019-03-06 04:58:54.030658']
(0.002) SELECT `youtubeapp_videomaster`.`id`, `youtubeapp_videomaster`.`channel_master_id`, `youtubeapp_videomaster`.`video_id`, `youtubeapp_videomaster`.`video_name` FROM `youtubeapp_videomaster` WHERE `youtubeapp_videomaster`.`video_id` = 'VOzA2V4HbJA'; args=('VOzA2V4HbJA',)
(0.002) INSERT INTO `youtubeapp_videostats` (`video_master_id`, `total_views`, `time_stamp`) VALUES (290, 13790270, '2019-03-06 04:58:54.367026'); args=[290, 13790270, '2019-03-06 04:58:54.367026']
(0.002) SELECT `youtubeapp_videomaster`.`id`, `youtubeapp_videomaster`.`channel_master_id`, `youtubeapp_videomaster`.`video_id`, `youtubeapp_videomaster`.`video_name` FROM `youtubeapp_videomaster` WHERE `youtubeapp_videomaster`.`video_id` = 'bFUZ5gruc0E'; args=('bFUZ5gruc0E',)
(0.001) INSERT INTO `youtubeapp_videostats` (`video_master_id`, `total_views`, `time_stamp`) VALUES (291, 7914703, '2019-03-06 04:58:54.714659'); args=[291, 7914703, '2019-03-06 04:58:54.714659']
(0.001) SELECT `youtubeapp_videomaster`.`id`, `youtubeapp_videomaster`.`channel_master_id`, `youtubeapp_videomaster`.`video_id`, `youtubeapp_videomaster`.`video_name` FROM `youtubeapp_videomaster` WHERE `youtubeapp_videomaster`.`video_id` = 'uPCi5Rs7EuA'; args=('uPCi5Rs7EuA',)
(0.004) INSERT INTO `youtubeapp_videostats` (`video_master_id`, `total_views`, `time_stamp`) VALUES (292, 32128717, '2019-03-06 04:58:55.069899'); args=[292, 32128717, '2019-03-06 04:58:55.069899']
(0.002) SELECT `youtubeapp_videomaster`.`id`, `youtubeapp_videomaster`.`channel_master_id`, `youtubeapp_videomaster`.`video_id`, `youtubeapp_videomaster`.`video_name` FROM `youtubeapp_videomaster` WHERE `youtubeapp_videomaster`.`video_id` = 'fueDesccBuE'; args=('fueDesccBuE',)
(0.003) INSERT INTO `youtubeapp_videostats` (`video_master_id`, `total_views`, `time_stamp`) VALUES (293, 4736698, '2019-03-06 04:58:55.390349'); args=[293, 4736698, '2019-03-06 04:58:55.390349']
(0.003) SELECT `youtubeapp_videomaster`.`id`, `youtubeapp_videomaster`.`channel_master_id`, `youtubeapp_videomaster`.`video_id`, `youtubeapp_videomaster`.`video_name` FROM `youtubeapp_videomaster` WHERE `youtubeapp_videomaster`.`video_id` = 'iqjbSMeL4t8'; args=('iqjbSMeL4t8',)
(0.002) INSERT INTO `youtubeapp_videostats` (`video_master_id`, `total_views`, `time_stamp`) VALUES (294, 20699709, '2019-03-06 04:58:55.759627'); args=[294, 20699709, '2019-03-06 04:58:55.759627']
(0.002) SELECT `youtubeapp_videomaster`.`id`, `youtubeapp_videomaster`.`channel_master_id`, `youtubeapp_videomaster`.`video_id`, `youtubeapp_videomaster`.`video_name` FROM `youtubeapp_videomaster` WHERE `youtubeapp_videomaster`.`video_id` = 'E2v6ofSmfW4'; args=('E2v6ofSmfW4',)
(0.002) INSERT INTO `youtubeapp_videostats` (`video_master_id`, `total_views`, `time_stamp`) VALUES (295, 31707159, '2019-03-06 04:58:56.070500'); args=[295, 31707159, '2019-03-06 04:58:56.070500']
(0.003) SELECT `youtubeapp_videomaster`.`id`, `youtubeapp_videomaster`.`channel_master_id`, `youtubeapp_videomaster`.`video_id`, `youtubeapp_videomaster`.`video_name` FROM `youtubeapp_videomaster` WHERE `youtubeapp_videomaster`.`video_id` = 'sM4IF7ZaKxo'; args=('sM4IF7ZaKxo',)
(0.002) INSERT INTO `youtubeapp_videostats` (`video_master_id`, `total_views`, `time_stamp`) VALUES (296, 37474938, '2019-03-06 04:58:56.400272'); args=[296, 37474938, '2019-03-06 04:58:56.400272']
(0.002) SELECT `youtubeapp_videomaster`.`id`, `youtubeapp_videomaster`.`channel_master_id`, `youtubeapp_videomaster`.`video_id`, `youtubeapp_videomaster`.`video_name` FROM `youtubeapp_videomaster` WHERE `youtubeapp_videomaster`.`video_id` = 'LCUA25jz5P4'; args=('LCUA25jz5P4',)
(0.002) INSERT INTO `youtubeapp_videostats` (`video_master_id`, `total_views`, `time_stamp`) VALUES (297, 27567599, '2019-03-06 04:58:56.740417'); args=[297, 27567599, '2019-03-06 04:58:56.740417']
(0.002) SELECT `youtubeapp_videomaster`.`id`, `youtubeapp_videomaster`.`channel_master_id`, `youtubeapp_videomaster`.`video_id`, `youtubeapp_videomaster`.`video_name` FROM `youtubeapp_videomaster` WHERE `youtubeapp_videomaster`.`video_id` = '4BkxCvg2spU'; args=('4BkxCvg2spU',)
(0.002) INSERT INTO `youtubeapp_videostats` (`video_master_id`, `total_views`, `time_stamp`) VALUES (298, 41042882, '2019-03-06 04:58:57.068352'); args=[298, 41042882, '2019-03-06 04:58:57.068352']
(0.002) SELECT `youtubeapp_videomaster`.`id`, `youtubeapp_videomaster`.`channel_master_id`, `youtubeapp_videomaster`.`video_id`, `youtubeapp_videomaster`.`video_name` FROM `youtubeapp_videomaster` WHERE `youtubeapp_videomaster`.`video_id` = 'Lr08OBSIMv0'; args=('Lr08OBSIMv0',)
(0.003) INSERT INTO `youtubeapp_videostats` (`video_master_id`, `total_views`, `time_stamp`) VALUES (299, 29485275, '2019-03-06 04:58:57.401792'); args=[299, 29485275, '2019-03-06 04:58:57.401792']
(0.005) SELECT `youtubeapp_videomaster`.`id`, `youtubeapp_videomaster`.`channel_master_id`, `youtubeapp_videomaster`.`video_id`, `youtubeapp_videomaster`.`video_name` FROM `youtubeapp_videomaster` WHERE `youtubeapp_videomaster`.`video_id` = 'oz0hdMkQ_9w'; args=('oz0hdMkQ_9w',)
(0.004) INSERT INTO `youtubeapp_videostats` (`video_master_id`, `total_views`, `time_stamp`) VALUES (300, 31211763, '2019-03-06 04:58:57.783348'); args=[300, 31211763, '2019-03-06 04:58:57.783348']
